<?xml version="1.0" encoding="UTF-8"?>
<!-- Generated by org.testng.reporters.JUnitReportReporter -->
<testsuite hostname="thinktank" name="de.jongo.test.JongoServiceTest" tests="10" failures="0" timestamp="26 Apr 2011 16:51:13 GMT" time="0,605" errors="0">
  <testcase name="connect" time="0,100" classname="de.jongo.test.JongoServiceTest"/>
  <testcase name="close" time="0,053" classname="de.jongo.test.JongoServiceTest"/>
  <testcase name="updateError" time="0,068" classname="de.jongo.test.JongoServiceTest"/>
  <testcase name="dropData" time="0,052" classname="de.jongo.test.JongoServiceTest"/>
  <testcase name="update" time="0,065" classname="de.jongo.test.JongoServiceTest"/>
  <testcase name="find" time="0,047" classname="de.jongo.test.JongoServiceTest"/>
  <testcase name="insertError" time="0,057" classname="de.jongo.test.JongoServiceTest"/>
  <testcase name="insert" time="0,066" classname="de.jongo.test.JongoServiceTest"/>
  <testcase name="remove" time="0,048" classname="de.jongo.test.JongoServiceTest"/>
  <testcase name="isAlive" time="0,049" classname="de.jongo.test.JongoServiceTest"/>
</testsuite>
