<?xml version="1.0" encoding="UTF-8"?>
<!-- Generated by org.testng.reporters.JUnitReportReporter -->
<testsuite hostname="thinktank" name="de.jongo.test.NewTest" tests="1" failures="0" timestamp="7 Apr 2011 17:07:38 GMT" time="0,072" errors="0">
  <testcase name="isAlive" time="0,072" classname="de.jongo.test.NewTest"/>
</testsuite>
