<?xml version="1.0" encoding="UTF-8"?>
<!-- Generated by org.testng.reporters.JUnitReportReporter -->
<testsuite hostname="thinktank" name="com.mongodb.DBCursorTest" tests="9" failures="0" timestamp="7 Apr 2011 20:21:46 GMT" time="4,010" errors="0">
  <testcase name="testLimitAndBatchSize" time="0,152" classname="com.mongodb.DBCursorTest"/>
  <testcase name="testBatchWithLimit" time="0,087" classname="com.mongodb.DBCursorTest"/>
  <testcase name="testSnapshot" time="0,080" classname="com.mongodb.DBCursorTest"/>
  <testcase name="testBig" time="3,373" classname="com.mongodb.DBCursorTest"/>
  <testcase name="testBatchWithActiveCursor" time="0,130" classname="com.mongodb.DBCursorTest"/>
  <testcase name="testOptions" time="0,040" classname="com.mongodb.DBCursorTest"/>
  <testcase name="testCount" time="0,040" classname="com.mongodb.DBCursorTest"/>
  <testcase name="testExplain" time="0,064" classname="com.mongodb.DBCursorTest"/>
  <testcase name="testSpecial" time="0,044" classname="com.mongodb.DBCursorTest"/>
</testsuite>
